<?xml version="1.0" encoding="UTF-8"?>
<testng-results ignored="0" total="1" passed="1" failed="0" skipped="0">
  <reporter-output>
  </reporter-output>
  <suite started-at="2023-10-05T21:25:43 EDT" name="Default suite" finished-at="2023-10-05T21:26:00 EDT" duration-ms="17539">
    <groups>
      <group name="cucumber">
        <method signature="AbstractTestNGCucumberTests.feature(cucumber.api.testng.CucumberFeatureWrapper)[pri:0, instance:Projapoti_TestRunner.Projapoti_Testrunner@4e5ed836]" name="feature" class="cucumber.api.testng.AbstractTestNGCucumberTests"/>
      </group> <!-- cucumber -->
    </groups>
    <test started-at="2023-10-05T21:25:43 EDT" name="Default test" finished-at="2023-10-05T21:26:00 EDT" duration-ms="17539">
      <class name="Projapoti_TestRunner.Projapoti_Testrunner">
        <test-method is-config="true" signature="proStarturl()[pri:0, instance:Projapoti_TestRunner.Projapoti_Testrunner@4e5ed836]" started-at="2023-10-05T21:25:43 EDT" name="proStarturl" finished-at="2023-10-05T21:25:47 EDT" duration-ms="4349" status="PASS">
          <reporter-output>
          </reporter-output>
        </test-method> <!-- proStarturl -->
        <test-method is-config="true" signature="setUpClass()[pri:0, instance:Projapoti_TestRunner.Projapoti_Testrunner@4e5ed836]" started-at="2023-10-05T21:25:47 EDT" name="setUpClass" finished-at="2023-10-05T21:25:47 EDT" duration-ms="187" status="PASS">
          <reporter-output>
          </reporter-output>
        </test-method> <!-- setUpClass -->
        <test-method signature="feature(cucumber.api.testng.CucumberFeatureWrapper)[pri:0, instance:Projapoti_TestRunner.Projapoti_Testrunner@4e5ed836]" started-at="2023-10-05T21:25:48 EDT" name="feature" description="Runs Cucumber Feature" data-provider="features" finished-at="2023-10-05T21:26:00 EDT" duration-ms="12855" status="PASS">
          <params>
            <param index="0">
              <value>
                <![CDATA[This is a search functionality]]>
              </value>
            </param>
          </params>
          <reporter-output>
          </reporter-output>
        </test-method> <!-- feature -->
        <test-method is-config="true" signature="tearDownClass()[pri:0, instance:Projapoti_TestRunner.Projapoti_Testrunner@4e5ed836]" started-at="2023-10-05T21:26:00 EDT" name="tearDownClass" finished-at="2023-10-05T21:26:00 EDT" duration-ms="17" status="PASS">
          <reporter-output>
          </reporter-output>
        </test-method> <!-- tearDownClass -->
        <test-method is-config="true" signature="proCloseurl()[pri:0, instance:Projapoti_TestRunner.Projapoti_Testrunner@4e5ed836]" started-at="2023-10-05T21:26:00 EDT" name="proCloseurl" finished-at="2023-10-05T21:26:00 EDT" duration-ms="0" status="PASS">
          <reporter-output>
          </reporter-output>
        </test-method> <!-- proCloseurl -->
      </class> <!-- Projapoti_TestRunner.Projapoti_Testrunner -->
    </test> <!-- Default test -->
  </suite> <!-- Default suite -->
</testng-results>
